This is pdfTeXk, Version 3.141592-1.40.3 (Web2C 7.5.6)
 %&-line parsing enabled.
entering extended mode
(./UserManual.tex
LaTeX2e <2005/12/01>
Babel <v3.8h> and hyphenation patterns for english, usenglishmax, dumylang, noh
yphenation, arabic, basque, bulgarian, coptic, welsh, czech, slovak, german, ng
erman, danish, esperanto, spanish, catalan, galician, estonian, farsi, finnish,
 french, greek, monogreek, ancientgreek, croatian, hungarian, interlingua, ibyc
us, indonesian, icelandic, italian, latin, mongolian, dutch, norsk, polish, por
tuguese, pinyin, romanian, russian, slovenian, uppersorbian, serbian, swedish, 
turkish, ukenglish, ukrainian, loaded.
(/usr/share/texmf/tex/latex/base/article.cls
Document Class: article 2005/09/16 v1.4f Standard LaTeX document class
(/usr/share/texmf/tex/latex/base/size10.clo))
(/usr/share/texmf/tex/latex/ltxmisc/parskip.sty)
(/usr/share/texmf/tex/latex/hyperref/hyperref.sty
(/usr/share/texmf/tex/latex/graphics/keyval.sty)
(/usr/share/texmf/tex/latex/hyperref/pd1enc.def)
(/usr/share/texmf/tex/latex/config/hyperref.cfg)
(/usr/share/texmf/tex/latex/oberdiek/kvoptions.sty)
Implicit mode ON; LaTeX internals redefined
(/usr/share/texmf/tex/latex/html/url.sty))
*hyperref using default driver hpdftex*
(/usr/share/texmf/tex/latex/hyperref/hpdftex.def)
(/usr/share/texmf/tex/latex/html/html.sty)
(/usr/share/texmf/tex/latex/graphics/graphicx.sty
(/usr/share/texmf/tex/latex/graphics/graphics.sty
(/usr/share/texmf/tex/latex/graphics/trig.sty)
(/usr/share/texmf/tex/latex/config/graphics.cfg)
(/usr/share/texmf/tex/latex/pdftex-def/pdftex.def)))
(/usr/share/texmf/tex/latex/preprint/fullpage.sty) (./UserManual.aux)
(/usr/share/texmf/tex/latex/hyperref/nameref.sty
(/usr/share/texmf/tex/latex/oberdiek/refcount.sty)) (./UserManual.out)
(./UserManual.out) [1{/usr/share/texmf/fonts/map/pdftex/updmap/pdftex.map}]
(./UserManual.toc) [2] [3] (/usr/share/texmf/tex/latex/base/omlcmr.fd)
<../../images/plptool/plptool30_editor_view.png, id=262, 860.21375pt x 538.01pt
> <use ../../images/plptool/plptool30_editor_view.png> [4 <../../images/plptool
/plptool30_editor_view.png>]
<../../images/plptool/plptool30_simulation_mode.png, id=269, 860.21375pt x 538.
01pt> <use ../../images/plptool/plptool30_simulation_mode.png>
Overfull \hbox (44.04076pt too wide) in paragraph at lines 119--123
\OT1/cmr/m/n/10 ac-tu-ally an in-struc-tion present. Double-click on an ex-ist-
ing break-point to clear it, or use []\OT1/cmtt/m/n/10 Tools -> Clear Breakpoin
ts
[5 <../../images/plptool/plptool30_simulation_mode.png>] [6] [7]
Underfull \hbox (badness 4779) in paragraph at lines 284--284
[]\OT1/cmr/m/n/10 Unsigned sub-trac-

Underfull \hbox (badness 10000) in paragraph at lines 285--285
[]\OT1/cmr/m/n/10 Bitwise log-i-cal

Underfull \hbox (badness 10000) in paragraph at lines 287--287
[]\OT1/cmr/m/n/10 Bitwise log-i-cal

Underfull \hbox (badness 10000) in paragraph at lines 290--290
[]\OT1/cmr/m/n/10 Multiply (re-turn

Underfull \hbox (badness 10000) in paragraph at lines 291--291
[]\OT1/cmr/m/n/10 Multiply (re-turn

Overfull \hbox (57.13199pt too wide) in paragraph at lines 279--294
[] 

Overfull \hbox (41.89836pt too wide) in paragraph at lines 303--311
[][] 
[8]
Overfull \hbox (24.34271pt too wide) in paragraph at lines 314--322
[][] 

Underfull \hbox (badness 3199) in paragraph at lines 336--336
\OT1/cmr/m/n/10 $a0 and $a1 are

Underfull \hbox (badness 3199) in paragraph at lines 337--337
\OT1/cmr/m/n/10 $a0 and $a1 are

Overfull \hbox (22.2984pt too wide) in paragraph at lines 332--340
[][] 

Underfull \hbox (badness 10000) in paragraph at lines 355--355
[]\OT1/cmr/m/n/10 Bitwise Log-i-cal

Overfull \hbox (62.63197pt too wide) in paragraph at lines 350--361
[][] 
[9]
Overfull \hbox (43.20401pt too wide) in paragraph at lines 382--390
[][] 

Overfull \hbox (8.16495pt too wide) in paragraph at lines 400--408
[][] 

Overfull \hbox (27.93428pt too wide) in paragraph at lines 412--425
[][] 
[10] [11] [12] [13] <../../images/GPIO.png, id=312, 214.8025pt x 258.9675pt>
<use ../../images/GPIO.png> [14 <../../images/GPIO.png>] [15]
<../../images/sseg.png, id=322, 200.75pt x 249.93375pt>
<use ../../images/sseg.png> [16 <../../images/sseg.png (PNG copy)>] [17]
(/usr/share/texmf/tex/latex/base/omscmr.fd) [18] (./UserManual.aux) )
(see the transcript file for additional information)</usr/share/texmf/fonts/typ
e1/bluesky/cm/cmbx10.pfb></usr/share/texmf/fonts/type1/bluesky/cm/cmbx12.pfb></
usr/share/texmf/fonts/type1/bluesky/cm/cmmi10.pfb></usr/share/texmf/fonts/type1
/bluesky/cm/cmr10.pfb></usr/share/texmf/fonts/type1/bluesky/cm/cmr12.pfb></usr/
share/texmf/fonts/type1/bluesky/cm/cmr17.pfb></usr/share/texmf/fonts/type1/blue
sky/cm/cmsy10.pfb></usr/share/texmf/fonts/type1/bluesky/cm/cmtt10.pfb>
Output written on UserManual.pdf (18 pages, 289172 bytes).
Transcript written on UserManual.log.
This is LaTeX2HTML Version 2008 (1.71)
by Nikos Drakos, Computer Based Learning Unit, University of Leeds.

Revised and extended by:
 Marcus Hennecke, Ross Moore, Herb Swan and others
...producing markup for HTML version 3.2  



Extension: loading /usr/share/latex2html/versions/latin1.pl
HTML version: loading /usr/share/latex2html/versions/html3_2.pl

 *** processing declarations ***

OPENING /home/will/Development/progressive-learning-platform/extras/UserManual/UserManual.tex 

Cannot create directory UserManual/: File exists, reusing it.
Reusing directory UserManual/:

Note: Working directory is /home/will/Development/progressive-learning-platform/extras/UserManual/UserManual
Note: Images will be generated in /tmp/l2h15068




Loading /usr/share/latex2html/styles/texdefs.perl...
Package: loading /usr/share/latex2html/styles/article.perl
Package: loading /usr/share/latex2html/styles/html.perl
Package: loading /usr/share/latex2html/styles/graphixx.perl
Package: loading /usr/share/latex2html/styles/graphics-support.perl
Package: loading /usr/share/latex2html/styles/getimagesize.perl
Reading ...
''''''''''''''''''''''''++
@@@@@@@@@@@@@@@@@@@@@@@@@@@@@@@@@@@@@@@@@@@@@@@@@@@@@@@@@@@@@@@@@@@@@@@@@@@@@@@@@@@@@@@@@@@@@@@@@@@@@@@@@@@@@@@@@@@@@@@@@@@@@@@@@@@@@@@@

Reading aux file: /home/will/Development/progressive-learning-platform/extras/UserManual/UserManual.aux ...
Processing macros ...,,,++..................................................................................................................................................................................................
Translating ...
0/50:top of UserManual: for UserManual.html

 *** translating preamble ***
.......
 *** preamble done ***
;.....;..

1/50:tableofcontents:.."Contents" for node1.html
;.;.

2/50:section:.."1 Introduction" for node2.html
;;

3/50:section:.."2 Getting PLP" for node3.html
;..,,.;...

4/50:section:.."3 Software Tools (PLPTool)" for node4.html
;;

5/50:subsection:..."3.1 Running PLPTool" for node5.html
;.;..

6/50:subsubsection:...."3.1.1 Command Line Options" for node6.html
;.,..,..,..,.............................................................;

7/50:subsection:..."3.2 Graphical User Interface" for node7.html
;.,..;...

8/50:subsection:..."3.3 Cycle Accurate Simulator" for node8.html
;.,..;

9/50:subsubsection:...."3.3.1 Setting a Breakpoint" for node9.html
;.;

10/50:subsubsection:...."3.3.2 Command-Line Mode" for node10.html
;.,;

11/50:subsection:..."3.4 Programmer" for node11.html
;..,;

12/50:section:.."4 Instruction Set and Assembly Language" for node12.html
;;

13/50:subsection:..."4.1 Syntax" for node13.html
;;

14/50:subsubsection:...."4.1.1 Instructions" for node14.html
;..,..,..,...,..,.;

15/50:subsubsection:...."4.1.2 Pseudo-ops" for node15.html
;;

16/50:subsubsection:...."4.1.3 Memory Organization (.org)" for node16.html
;.,.;.

17/50:subsubsection:...."4.1.4 Labels" for node17.html
;..,.;

18/50:subsubsection:...."4.1.5 Comments" for node18.html
;.,.;

19/50:subsubsection:...."4.1.6 Data and String Allocation" for node19.html
;;

20/50:paragraph:....."4.1.6.1 Allocate and Initialize Word" for node20.html
;..,.;

21/50:paragraph:....."4.1.6.2 Empty Space Allocation" for node21.html
;.,.;

22/50:paragraph:....."4.1.6.3 String Allocation" for node22.html
;.,;

23/50:subsubsection:...."4.1.7 Notes on the Assembler" for node23.html
;.;

24/50:subsection:..."4.2 Ops" for node24.html
;;

25/50:subsubsection:...."4.2.1 R-type Arithmetic and Logical Instructions" for node25.html
;,,........................................................;

26/50:subsubsection:...."4.2.2 R-type Shift Instructions" for node26.html
;.,..,............;..

27/50:subsubsection:...."4.2.3 R-type Jump Register Instructions" for node27.html
;.,........;.

28/50:subsubsection:...."4.2.4 I-type Branch Instructions" for node28.html
;.,..,.............;..

29/50:subsubsection:...."4.2.5 I-type Arithmetic and Logical Instructions" for node29.html
;.,..,.......................;.....

30/50:subsubsection:...."4.2.6 I-type Load Upper Immediate Instruction" for node30.html
;.,....;

31/50:subsubsection:...."4.2.7 I-type Load and Store Word Instructions" for node31.html
;.,..,.............;....

32/50:subsubsection:...."4.2.8 J-type Instructions" for node32.html
;.,..,......;..

33/50:subsection:..."4.3 Pseudo-ops" for node33.html
;.,...................................;

34/50:subsection:..."4.4 Notes on Register Usage" for node34.html
;.,.................;....

35/50:section:.."5 Hardware Description" for node35.html
;;

36/50:subsection:..."5.1 Memory Map" for node36.html
;,...;

37/50:subsection:..."5.2 ROM" for node37.html
;;

38/50:subsection:..."5.3 RAM" for node38.html
;;

39/50:subsection:..."5.4 UART" for node39.html
;...,.....;.

40/50:subsection:..."5.5 Switches" for node40.html
;;

41/50:subsection:..."5.6 LEDs" for node41.html
;;

42/50:subsection:..."5.7 GPIO" for node42.html
;..,...,..,...,.;

43/50:subsection:..."5.8 VGA" for node43.html
;..,..,.....;.

44/50:subsection:..."5.9 PLPID" for node44.html
;...;

45/50:subsection:..."5.10 Timer" for node45.html
;..;

46/50:subsection:..."5.11 Seven Segment" for node46.html
;,....,..;

47/50:subsection:..."5.12 Interrupt Controller" for node47.html
;.,..,..,....,....,.;.....

48/50:subsection:..."5.13 Performance Counters" for node48.html
;,.;

49/50:section:.."6 Bootloader (fload)" for node49.html
;.,.,.;

50/50:sectionstar:.."About this document ..." for node50.html
;;.

Doing section links ......
Doing table of contents ......................................................................................................

*********** WARNINGS ***********  
No implementation found for style `parskip'
No implementation found for style `hyperref'
No implementation found for style `graphicx'

Substitution of arg to newlabelxx delayed.

Done.
This is LaTeX2HTML Version 2008 (1.71)
by Nikos Drakos, Computer Based Learning Unit, University of Leeds.

Revised and extended by:
 Marcus Hennecke, Ross Moore, Herb Swan and others
...producing markup for HTML version 3.2  



Extension: loading /usr/share/latex2html/versions/latin1.pl
HTML version: loading /usr/share/latex2html/versions/html3_2.pl

 *** processing declarations ***

OPENING /home/will/Development/progressive-learning-platform/extras/UserManual/UserManual.tex 

Cannot create directory UserManualSingle/: File exists, reusing it.

Note: Working directory is /home/will/Development/progressive-learning-platform/extras/UserManual/UserManualSingle
Note: Images will be generated in /tmp/l2h15082




Loading /usr/share/latex2html/styles/texdefs.perl...
Package: loading /usr/share/latex2html/styles/article.perl
Package: loading /usr/share/latex2html/styles/html.perl
Package: loading /usr/share/latex2html/styles/graphixx.perl
Package: loading /usr/share/latex2html/styles/graphics-support.perl
Package: loading /usr/share/latex2html/styles/getimagesize.perl
Reading ...
''''''''''''''''''''''''++
@@@@@@@@@@@@@@@@@@@@@@@@@@@@@@@@@@@@@@@@@@@@@@@@@@@@@@@@@@@@@@@@@@@@@@@@@@@@@@@@@@@@@@@@@@@@@@@@@@@@@@@@@@@@@@@@@@@@@@@@@@@@@@@@@@@@@@@@

Reading aux file: /home/will/Development/progressive-learning-platform/extras/UserManual/UserManual.aux ...
Processing macros ...,,,++..................................................................................................................................................................................................
Translating ...
0/50:top of UserManual: for UserManual.html

 *** translating preamble ***
.......
 *** preamble done ***
;.....;..

1/50:tableofcontents:.."Contents" for UserManual.html
;.;.

2/50:section:.."1 Introduction" for UserManual.html
;;

3/50:section:.."2 Getting PLP" for UserManual.html
;..,,.;...

4/50:section:.."3 Software Tools (PLPTool)" for UserManual.html
;;

5/50:subsection:..."3.1 Running PLPTool" for UserManual.html
;.;..

6/50:subsubsection:...."3.1.1 Command Line Options" for UserManual.html
;.,..,..,..,.............................................................;

7/50:subsection:..."3.2 Graphical User Interface" for UserManual.html
;.,..;...

8/50:subsection:..."3.3 Cycle Accurate Simulator" for UserManual.html
;.,..;

9/50:subsubsection:...."3.3.1 Setting a Breakpoint" for UserManual.html
;.;

10/50:subsubsection:...."3.3.2 Command-Line Mode" for UserManual.html
;.,;

11/50:subsection:..."3.4 Programmer" for UserManual.html
;..,;

12/50:section:.."4 Instruction Set and Assembly Language" for UserManual.html
;;

13/50:subsection:..."4.1 Syntax" for UserManual.html
;;

14/50:subsubsection:...."4.1.1 Instructions" for UserManual.html
;..,..,..,...,..,.;

15/50:subsubsection:...."4.1.2 Pseudo-ops" for UserManual.html
;;

16/50:subsubsection:...."4.1.3 Memory Organization (.org)" for UserManual.html
;.,.;.

17/50:subsubsection:...."4.1.4 Labels" for UserManual.html
;..,.;

18/50:subsubsection:...."4.1.5 Comments" for UserManual.html
;.,.;

19/50:subsubsection:...."4.1.6 Data and String Allocation" for UserManual.html
;;

20/50:paragraph:....."4.1.6.1 Allocate and Initialize Word" for UserManual.html
;..,.;

21/50:paragraph:....."4.1.6.2 Empty Space Allocation" for UserManual.html
;.,.;

22/50:paragraph:....."4.1.6.3 String Allocation" for UserManual.html
;.,;

23/50:subsubsection:...."4.1.7 Notes on the Assembler" for UserManual.html
;.;

24/50:subsection:..."4.2 Ops" for UserManual.html
;;

25/50:subsubsection:...."4.2.1 R-type Arithmetic and Logical Instructions" for UserManual.html
;,,........................................................;

26/50:subsubsection:...."4.2.2 R-type Shift Instructions" for UserManual.html
;.,..,............;..

27/50:subsubsection:...."4.2.3 R-type Jump Register Instructions" for UserManual.html
;.,........;.

28/50:subsubsection:...."4.2.4 I-type Branch Instructions" for UserManual.html
;.,..,.............;..

29/50:subsubsection:...."4.2.5 I-type Arithmetic and Logical Instructions" for UserManual.html
;.,..,.......................;.....

30/50:subsubsection:...."4.2.6 I-type Load Upper Immediate Instruction" for UserManual.html
;.,....;

31/50:subsubsection:...."4.2.7 I-type Load and Store Word Instructions" for UserManual.html
;.,..,.............;....

32/50:subsubsection:...."4.2.8 J-type Instructions" for UserManual.html
;.,..,......;..

33/50:subsection:..."4.3 Pseudo-ops" for UserManual.html
;.,...................................;

34/50:subsection:..."4.4 Notes on Register Usage" for UserManual.html
;.,.................;....

35/50:section:.."5 Hardware Description" for UserManual.html
;;

36/50:subsection:..."5.1 Memory Map" for UserManual.html
;,...;

37/50:subsection:..."5.2 ROM" for UserManual.html
;;

38/50:subsection:..."5.3 RAM" for UserManual.html
;;

39/50:subsection:..."5.4 UART" for UserManual.html
;...,.....;.

40/50:subsection:..."5.5 Switches" for UserManual.html
;;

41/50:subsection:..."5.6 LEDs" for UserManual.html
;;

42/50:subsection:..."5.7 GPIO" for UserManual.html
;..,...,..,...,.;

43/50:subsection:..."5.8 VGA" for UserManual.html
;..,..,.....;.

44/50:subsection:..."5.9 PLPID" for UserManual.html
;...;

45/50:subsection:..."5.10 Timer" for UserManual.html
;..;

46/50:subsection:..."5.11 Seven Segment" for UserManual.html
;,....,..;

47/50:subsection:..."5.12 Interrupt Controller" for UserManual.html
;.,..,..,....,....,.;.....

48/50:subsection:..."5.13 Performance Counters" for UserManual.html
;,.;

49/50:section:.."6 Bootloader (fload)" for UserManual.html
;.,.,.;

50/50:sectionstar:.."About this document ..." for UserManual.html
;;.

Doing section links ....,,,,,,,,,,,,,,,,,,,,,,,,,,,,,,,,,,,,,,,,,,,,,,,,,
Doing table of contents .....
 *** Adding document-specific styles *** 

*********** WARNINGS ***********  
No implementation found for style `parskip'
No implementation found for style `hyperref'
No implementation found for style `graphicx'

Substitution of arg to newlabelxx delayed.

Done.
