\BOOKMARK [1][-]{section.1}{Introduction}{}
\BOOKMARK [1][-]{section.2}{Getting PLP}{}
\BOOKMARK [1][-]{section.3}{Software Tools \(PLPTool\)}{}
\BOOKMARK [2][-]{subsection.3.1}{Running PLPTool}{section.3}
\BOOKMARK [3][-]{subsubsection.3.1.1}{Command Line Options}{subsection.3.1}
\BOOKMARK [2][-]{subsection.3.2}{Graphical User Interface}{section.3}
\BOOKMARK [2][-]{subsection.3.3}{Cycle Accurate Simulator}{section.3}
\BOOKMARK [3][-]{subsubsection.3.3.1}{Setting a Breakpoint}{subsection.3.3}
\BOOKMARK [3][-]{subsubsection.3.3.2}{Command-Line Mode}{subsection.3.3}
\BOOKMARK [2][-]{subsection.3.4}{Programmer}{section.3}
\BOOKMARK [1][-]{section.4}{Instruction Set and Assembly Language}{}
\BOOKMARK [2][-]{subsection.4.1}{Syntax}{section.4}
\BOOKMARK [3][-]{subsubsection.4.1.1}{Instructions}{subsection.4.1}
\BOOKMARK [3][-]{subsubsection.4.1.2}{Pseudo-ops}{subsection.4.1}
\BOOKMARK [3][-]{subsubsection.4.1.3}{Memory Organization \(.org\)}{subsection.4.1}
\BOOKMARK [3][-]{subsubsection.4.1.4}{Labels}{subsection.4.1}
\BOOKMARK [3][-]{subsubsection.4.1.5}{Comments}{subsection.4.1}
\BOOKMARK [3][-]{subsubsection.4.1.6}{Data and String Allocation}{subsection.4.1}
\BOOKMARK [3][-]{subsubsection.4.1.7}{Notes on the Assembler}{subsection.4.1}
\BOOKMARK [2][-]{subsection.4.2}{Ops}{section.4}
\BOOKMARK [3][-]{subsubsection.4.2.1}{R-type Arithmetic and Logical Instructions}{subsection.4.2}
\BOOKMARK [3][-]{subsubsection.4.2.2}{R-type Shift Instructions}{subsection.4.2}
\BOOKMARK [3][-]{subsubsection.4.2.3}{R-type Jump Register Instructions}{subsection.4.2}
\BOOKMARK [3][-]{subsubsection.4.2.4}{I-type Branch Instructions}{subsection.4.2}
\BOOKMARK [3][-]{subsubsection.4.2.5}{I-type Arithmetic and Logical Instructions}{subsection.4.2}
\BOOKMARK [3][-]{subsubsection.4.2.6}{I-type Load Upper Immediate Instruction}{subsection.4.2}
\BOOKMARK [3][-]{subsubsection.4.2.7}{I-type Load and Store Word Instructions}{subsection.4.2}
\BOOKMARK [3][-]{subsubsection.4.2.8}{J-type Instructions}{subsection.4.2}
\BOOKMARK [2][-]{subsection.4.3}{Pseudo-ops}{section.4}
\BOOKMARK [2][-]{subsection.4.4}{Notes on Register Usage}{section.4}
\BOOKMARK [1][-]{section.5}{Hardware Description}{}
\BOOKMARK [2][-]{subsection.5.1}{Memory Map}{section.5}
\BOOKMARK [2][-]{subsection.5.2}{ROM}{section.5}
\BOOKMARK [2][-]{subsection.5.3}{RAM}{section.5}
\BOOKMARK [2][-]{subsection.5.4}{UART}{section.5}
\BOOKMARK [2][-]{subsection.5.5}{Switches}{section.5}
\BOOKMARK [2][-]{subsection.5.6}{LEDs}{section.5}
\BOOKMARK [2][-]{subsection.5.7}{GPIO}{section.5}
\BOOKMARK [2][-]{subsection.5.8}{VGA}{section.5}
\BOOKMARK [2][-]{subsection.5.9}{PLPID}{section.5}
\BOOKMARK [2][-]{subsection.5.10}{Timer}{section.5}
\BOOKMARK [2][-]{subsection.5.11}{Seven Segment}{section.5}
\BOOKMARK [2][-]{subsection.5.12}{Interrupt Controller}{section.5}
\BOOKMARK [2][-]{subsection.5.13}{Performance Counters}{section.5}
\BOOKMARK [1][-]{section.6}{Bootloader \(fload\)}{}
