This is pdfTeX, Version 3.1415926-1.40.10 (TeX Live 2009/Debian) (format=pdflatex 2011.9.29)  4 DEC 2011 21:10
entering extended mode
 %&-line parsing enabled.
**ReferenceDesign.tex
(./ReferenceDesign.tex
LaTeX2e <2009/09/24>
Babel <v3.8l> and hyphenation patterns for english, usenglishmax, dumylang, noh
yphenation, loaded.
(/usr/share/texmf-texlive/tex/latex/base/article.cls
Document Class: article 2007/10/19 v1.4h Standard LaTeX document class
(/usr/share/texmf-texlive/tex/latex/base/size10.clo
File: size10.clo 2007/10/19 v1.4h Standard LaTeX file (size option)
)
\c@part=\count79
\c@section=\count80
\c@subsection=\count81
\c@subsubsection=\count82
\c@paragraph=\count83
\c@subparagraph=\count84
\c@figure=\count85
\c@table=\count86
\abovecaptionskip=\skip41
\belowcaptionskip=\skip42
\bibindent=\dimen102
)
(/usr/share/texmf-texlive/tex/latex/ltxmisc/parskip.sty
Package: parskip 2001/04/09 non-zero parskip adjustments
)
(/usr/share/texmf-texlive/tex/latex/graphics/graphicx.sty
Package: graphicx 1999/02/16 v1.0f Enhanced LaTeX Graphics (DPC,SPQR)

(/usr/share/texmf-texlive/tex/latex/graphics/keyval.sty
Package: keyval 1999/03/16 v1.13 key=value parser (DPC)
\KV@toks@=\toks14
)
(/usr/share/texmf-texlive/tex/latex/graphics/graphics.sty
Package: graphics 2009/02/05 v1.0o Standard LaTeX Graphics (DPC,SPQR)

(/usr/share/texmf-texlive/tex/latex/graphics/trig.sty
Package: trig 1999/03/16 v1.09 sin cos tan (DPC)
)
(/etc/texmf/tex/latex/config/graphics.cfg
File: graphics.cfg 2009/08/28 v1.8 graphics configuration of TeX Live
)
Package graphics Info: Driver file: pdftex.def on input line 91.

(/usr/share/texmf-texlive/tex/latex/pdftex-def/pdftex.def
File: pdftex.def 2010/03/12 v0.04p Graphics/color for pdfTeX
\Gread@gobject=\count87
))
\Gin@req@height=\dimen103
\Gin@req@width=\dimen104
)
(/usr/share/texmf-texlive/tex/latex/preprint/fullpage.sty
Package: fullpage 1999/02/23 1.1 (PWD)
\FP@margin=\skip43
)
(./ReferenceDesign.aux)
\openout1 = `ReferenceDesign.aux'.

LaTeX Font Info:    Checking defaults for OML/cmm/m/it on input line 5.
LaTeX Font Info:    ... okay on input line 5.
LaTeX Font Info:    Checking defaults for T1/cmr/m/n on input line 5.
LaTeX Font Info:    ... okay on input line 5.
LaTeX Font Info:    Checking defaults for OT1/cmr/m/n on input line 5.
LaTeX Font Info:    ... okay on input line 5.
LaTeX Font Info:    Checking defaults for OMS/cmsy/m/n on input line 5.
LaTeX Font Info:    ... okay on input line 5.
LaTeX Font Info:    Checking defaults for OMX/cmex/m/n on input line 5.
LaTeX Font Info:    ... okay on input line 5.
LaTeX Font Info:    Checking defaults for U/cmr/m/n on input line 5.
LaTeX Font Info:    ... okay on input line 5.

(/usr/share/texmf-texlive/tex/context/base/supp-pdf.mkii
[Loading MPS to PDF converter (version 2006.09.02).]
\scratchcounter=\count88
\scratchdimen=\dimen105
\scratchbox=\box26
\nofMPsegments=\count89
\nofMParguments=\count90
\everyMPshowfont=\toks15
\MPscratchCnt=\count91
\MPscratchDim=\dimen106
\MPnumerator=\count92
\everyMPtoPDFconversion=\toks16
)
LaTeX Font Info:    External font `cmex10' loaded for size
(Font)              <12> on input line 11.
LaTeX Font Info:    External font `cmex10' loaded for size
(Font)              <8> on input line 11.
LaTeX Font Info:    External font `cmex10' loaded for size
(Font)              <6> on input line 11.

Underfull \hbox (badness 10000) in paragraph at lines 14--16

 []


Underfull \hbox (badness 10000) in paragraph at lines 18--19

 []


Underfull \hbox (badness 10000) in paragraph at lines 27--28

 []

LaTeX Font Info:    Try loading font information for OML+cmr on input line 29.
(/usr/share/texmf-texlive/tex/latex/base/omlcmr.fd
File: omlcmr.fd 1999/05/25 v2.5h Standard LaTeX font definitions
)
LaTeX Font Info:    Font shape `OML/cmr/bx/n' in size <10> not available
(Font)              Font shape `OML/cmm/b/it' tried instead on input line 29.
 [1

{/var/lib/texmf/fonts/map/pdftex/updmap/pdftex.map}]
<../../images/CPUDiagram.png, id=12, 802.197pt x 348.502pt>
File: ../../images/CPUDiagram.png Graphic file (type png)

<use ../../images/CPUDiagram.png>
Overfull \hbox (11.5669pt too wide) in paragraph at lines 35--36
[] 
 []

<../../images/ForwardsandHazards.png, id=14, 512.91624pt x 501.875pt>
File: ../../images/ForwardsandHazards.png Graphic file (type png)

<use ../../images/ForwardsandHazards.png> [2 <../../images/CPUDiagram.png>]
LaTeX Font Info:    External font `cmex10' loaded for size
(Font)              <7> on input line 54.
LaTeX Font Info:    External font `cmex10' loaded for size
(Font)              <5> on input line 54.
LaTeX Font Info:    Font shape `OML/cmr/m/n' in size <10> not available
(Font)              Font shape `OML/cmm/m/it' tried instead on input line 58.

[3 <../../images/ForwardsandHazards.png>] [4]
<../../images/CACHE.png, id=27, 501.875pt x 518.93875pt>
File: ../../images/CACHE.png Graphic file (type png)

<use ../../images/CACHE.png> [5] [6 <../../images/CACHE.png (PNG copy)>]
[7] (./ReferenceDesign.aux) ) 
Here is how much of TeX's memory you used:
 978 strings out of 495061
 12725 string characters out of 1182621
 64451 words of memory out of 3000000
 4187 multiletter control sequences out of 15000+50000
 8421 words of font info for 30 fonts, out of 3000000 for 9000
 28 hyphenation exceptions out of 8191
 25i,6n,21p,933b,193s stack positions out of 5000i,500n,10000p,200000b,50000s
</usr/share/texmf-texlive/fonts/type1/public/amsfo
nts/cm/cmbx10.pfb></usr/share/texmf-texlive/fonts/type1/public/amsfonts/cm/cmbx
12.pfb></usr/share/texmf-texlive/fonts/type1/public/amsfonts/cm/cmmi10.pfb></us
r/share/texmf-texlive/fonts/type1/public/amsfonts/cm/cmmib10.pfb></usr/share/te
xmf-texlive/fonts/type1/public/amsfonts/cm/cmr10.pfb></usr/share/texmf-texlive/
fonts/type1/public/amsfonts/cm/cmr12.pfb></usr/share/texmf-texlive/fonts/type1/
public/amsfonts/cm/cmr17.pfb></usr/share/texmf-texlive/fonts/type1/public/amsfo
nts/cm/cmtt10.pfb>
Output written on ReferenceDesign.pdf (7 pages, 240626 bytes).
PDF statistics:
 64 PDF objects out of 1000 (max. 8388607)
 0 named destinations out of 1000 (max. 500000)
 16 words of extra memory for PDF output out of 10000 (max. 10000000)

